<?xml version="1.0" encoding="UTF-8"?>
<testng-results ignored="0" total="1" passed="1" failed="0" skipped="0">
  <reporter-output>
  </reporter-output>
  <suite started-at="2022-05-11T23:08:28 IST" name="Suite" finished-at="2022-05-11T23:09:02 IST" duration-ms="34264">
    <groups>
    </groups>
    <test started-at="2022-05-11T23:08:28 IST" name="Test" finished-at="2022-05-11T23:09:02 IST" duration-ms="34264">
      <class name="TestWebDriverManager.ManagerCheck">
        <test-method signature="testData()[pri:0, instance:TestWebDriverManager.ManagerCheck@56cdfb3b]" started-at="2022-05-11T23:08:28 IST" name="testData" finished-at="2022-05-11T23:09:02 IST" duration-ms="34192" status="PASS">
          <reporter-output>
          </reporter-output>
        </test-method> <!-- testData -->
      </class> <!-- TestWebDriverManager.ManagerCheck -->
    </test> <!-- Test -->
  </suite> <!-- Suite -->
</testng-results>
